{
  "RSpec": {
    "coverage": {
      "/Users/jordanmanu/Makers-course/Week-10/bank-tech-test/spec/bank_test_spec.rb": {
        "lines": [
          null,
          null,
          1,
          null,
          1,
          1,
          10,
          10,
          null,
          null,
          1,
          1,
          1,
          null,
          null,
          1,
          1,
          null,
          null,
          null,
          1,
          1,
          1,
          1,
          null,
          null,
          1,
          1,
          1,
          1,
          null,
          null,
          1,
          1,
          1,
          1,
          1,
          null,
          1,
          2,
          null,
          null,
          1,
          1,
          1,
          1,
          null,
          null,
          1,
          1,
          1,
          null,
          null,
          1,
          1,
          1,
          1,
          null,
          1,
          1,
          1,
          null,
          null,
          null
        ]
      },
      "/Users/jordanmanu/Makers-course/Week-10/bank-tech-test/bank_test.rb": {
        "lines": [
          null,
          null,
          1,
          1,
          10,
          10,
          null,
          null,
          1,
          4,
          null,
          null,
          1,
          8,
          8,
          null,
          null,
          1,
          3,
          2,
          2,
          null,
          null,
          1,
          5,
          5,
          5,
          4,
          1,
          1,
          null,
          5,
          5,
          null,
          null,
          null,
          1,
          null,
          1,
          10,
          null,
          null
        ]
      }
    },
    "timestamp": 1653128536
  }
}
