{
  "RSpec": {
    "coverage": {
      "/Users/jordanmanu/Makers-course/Week-10/bank-tech-test/spec/bank_account_spec.rb": {
        "lines": [
          null,
          null,
          1,
          1,
          null,
          1,
          1,
          null,
          null,
          5,
          5,
          5,
          null,
          null,
          1,
          1,
          1,
          1,
          null,
          null,
          null,
          1,
          1,
          1,
          1,
          1,
          null,
          null,
          null,
          null,
          1,
          1,
          1,
          1,
          1,
          null,
          null,
          null,
          null,
          null,
          null,
          null,
          1,
          1,
          1,
          1,
          1,
          1,
          null,
          null,
          null,
          null,
          null,
          null,
          1,
          2,
          null,
          null,
          null
        ]
      },
      "/Users/jordanmanu/Makers-course/Week-10/bank-tech-test/lib/bank_account.rb": {
        "lines": [
          null,
          null,
          1,
          null,
          1,
          1,
          5,
          5,
          5,
          null,
          null,
          1,
          4,
          4,
          null,
          null,
          1,
          2,
          null,
          1,
          1,
          null,
          null,
          1,
          4,
          null,
          null,
          1,
          null,
          1,
          10,
          null,
          null,
          1,
          5,
          null,
          null,
          null,
          null,
          null
        ]
      },
      "/Users/jordanmanu/Makers-course/Week-10/bank-tech-test/lib/statement.rb": {
        "lines": [
          null,
          null,
          1,
          1,
          6,
          6,
          8,
          null,
          null,
          null,
          null,
          null,
          null
        ]
      },
      "/Users/jordanmanu/Makers-course/Week-10/bank-tech-test/spec/statement_spec.rb": {
        "lines": [
          null,
          null,
          1,
          null,
          1,
          1,
          6,
          6,
          null,
          6,
          null,
          null,
          null,
          null,
          null,
          null,
          1,
          1,
          null,
          null,
          null,
          1,
          1,
          null,
          null,
          null,
          1,
          1,
          null,
          null,
          null,
          null,
          null,
          null,
          null,
          1,
          null,
          null,
          null,
          null,
          null,
          1,
          1,
          null,
          null,
          null,
          1,
          2,
          null,
          null,
          null,
          null,
          null,
          1,
          1,
          null,
          null,
          null,
          null,
          null,
          null,
          null,
          2,
          null,
          null,
          null,
          null,
          null,
          null
        ]
      }
    },
    "timestamp": 1653477507
  }
}
